<?xml version="1.0" encoding="UTF-8"?>
<!-- Generated by org.testng.reporters.JUnitReportReporter -->
<testsuite hostname="headrun-HP-245-G8-Notebook-PC" failures="0" tests="1" name="com.testNG.Facebook_Login_Test" time="0.480" errors="0" timestamp="2024-03-10T20:26:50 IST" skipped="0">
  <testcase classname="com.testNG.Facebook_Login_Test" name="login" time="0.480"/>
  <system-out/>
</testsuite> <!-- com.testNG.Facebook_Login_Test -->
